# JRE version: OpenJDK Runtime Environment Zulu21.32+17-CA (21.0.2+13) (build 21.0.2+13-LTS)
# Java VM: OpenJDK 64-Bit Server VM Zulu21.32+17-CA (21.0.2+13-LTS, mixed mode, sharing, tiered, compressed oops, compressed class ptrs, g1 gc, bsd-aarch64)
Heap:
 garbage-first heap   total 133120K, used 80241K [0x0000000780000000, 0x0000000800000000)
  region size 1024K, 75 young (76800K), 1 survivors (1024K)
 Metaspace       used 10682K, committed 10880K, reserved 1114112K
  class space    used 1161K, committed 1280K, reserved 1048576K
GC Heap History (20 events):
Event: 3780.754 GC heap before
{Heap before GC invocations=112 (full 0):
 garbage-first heap   total 133120K, used 81267K [0x0000000780000000, 0x0000000800000000)
  region size 1024K, 76 young (77824K), 1 survivors (1024K)
 Metaspace       used 10680K, committed 10880K, reserved 1114112K
  class space    used 1161K, committed 1280K, reserved 1048576K
}
Event: 3780.761 GC heap after
{Heap after GC invocations=113 (full 0):
 garbage-first heap   total 133120K, used 4462K [0x0000000780000000, 0x0000000800000000)
  region size 1024K, 1 young (1024K), 1 survivors (1024K)
 Metaspace       used 10680K, committed 10880K, reserved 1114112K
  class space    used 1161K, committed 1280K, reserved 1048576K
}
Event: 3815.090 GC heap before
{Heap before GC invocations=113 (full 0):
 garbage-first heap   total 133120K, used 81262K [0x0000000780000000, 0x0000000800000000)
  region size 1024K, 76 young (77824K), 1 survivors (1024K)
 Metaspace       used 10682K, committed 10880K, reserved 1114112K
  class space    used 1161K, committed 1280K, reserved 1048576K
}
Event: 3815.091 GC heap after
{Heap after GC invocations=114 (full 0):
 garbage-first heap   total 133120K, used 4467K [0x0000000780000000, 0x0000000800000000)
  region size 1024K, 1 young (1024K), 1 survivors (1024K)
 Metaspace       used 10682K, committed 10880K, reserved 1114112K
  class space    used 1161K, committed 1280K, reserved 1048576K
}
Event: 3848.431 GC heap before
{Heap before GC invocations=114 (full 0):
 garbage-first heap   total 133120K, used 81267K [0x0000000780000000, 0x0000000800000000)
  region size 1024K, 76 young (77824K), 1 survivors (1024K)
 Metaspace       used 10682K, committed 10880K, reserved 1114112K
  class space    used 1161K, committed 1280K, reserved 1048576K
}
Event: 3848.433 GC heap after
{Heap after GC invocations=115 (full 0):
 garbage-first heap   total 133120K, used 4466K [0x0000000780000000, 0x0000000800000000)
  region size 1024K, 1 young (1024K), 1 survivors (1024K)
 Metaspace       used 10682K, committed 10880K, reserved 1114112K
  class space    used 1161K, committed 1280K, reserved 1048576K
}
Event: 3881.579 GC heap before
{Heap before GC invocations=115 (full 0):
 garbage-first heap   total 133120K, used 81266K [0x0000000780000000, 0x0000000800000000)
  region size 1024K, 76 young (77824K), 1 survivors (1024K)
 Metaspace       used 10682K, committed 10880K, reserved 1114112K
  class space    used 1161K, committed 1280K, reserved 1048576K
}
Event: 3881.580 GC heap after
{Heap after GC invocations=116 (full 0):
 garbage-first heap   total 133120K, used 4466K [0x0000000780000000, 0x0000000800000000)
  region size 1024K, 1 young (1024K), 1 survivors (1024K)
 Metaspace       used 10682K, committed 10880K, reserved 1114112K
  class space    used 1161K, committed 1280K, reserved 1048576K
}
Event: 3915.973 GC heap before
{Heap before GC invocations=116 (full 0):
 garbage-first heap   total 133120K, used 81266K [0x0000000780000000, 0x0000000800000000)
  region size 1024K, 76 young (77824K), 1 survivors (1024K)
 Metaspace       used 10682K, committed 10880K, reserved 1114112K
  class space    used 1161K, committed 1280K, reserved 1048576K
}
Event: 3915.974 GC heap after
{Heap after GC invocations=117 (full 0):
 garbage-first heap   total 133120K, used 4465K [0x0000000780000000, 0x0000000800000000)
  region size 1024K, 1 young (1024K), 1 survivors (1024K)
 Metaspace       used 10682K, committed 10880K, reserved 1114112K
  class space    used 1161K, committed 1280K, reserved 1048576K
}
Event: 3949.098 GC heap before
{Heap before GC invocations=117 (full 0):
 garbage-first heap   total 133120K, used 81265K [0x0000000780000000, 0x0000000800000000)
  region size 1024K, 76 young (77824K), 1 survivors (1024K)
 Metaspace       used 10682K, committed 10880K, reserved 1114112K
  class space    used 1161K, committed 1280K, reserved 1048576K
}
Event: 3949.099 GC heap after
{Heap after GC invocations=118 (full 0):
 garbage-first heap   total 133120K, used 4462K [0x0000000780000000, 0x0000000800000000)
  region size 1024K, 1 young (1024K), 1 survivors (1024K)
 Metaspace       used 10682K, committed 10880K, reserved 1114112K
  class space    used 1161K, committed 1280K, reserved 1048576K
}
Event: 3982.387 GC heap before
{Heap before GC invocations=118 (full 0):
 garbage-first heap   total 133120K, used 81262K [0x0000000780000000, 0x0000000800000000)
  region size 1024K, 76 young (77824K), 1 survivors (1024K)
 Metaspace       used 10682K, committed 10880K, reserved 1114112K
  class space    used 1161K, committed 1280K, reserved 1048576K
}
Event: 3982.388 GC heap after
{Heap after GC invocations=119 (full 0):
 garbage-first heap   total 133120K, used 4464K [0x0000000780000000, 0x0000000800000000)
  region size 1024K, 1 young (1024K), 1 survivors (1024K)
 Metaspace       used 10682K, committed 10880K, reserved 1114112K
  class space    used 1161K, committed 1280K, reserved 1048576K
}
Event: 4015.822 GC heap before
{Heap before GC invocations=119 (full 0):
 garbage-first heap   total 133120K, used 81264K [0x0000000780000000, 0x0000000800000000)
  region size 1024K, 76 young (77824K), 1 survivors (1024K)
 Metaspace       used 10682K, committed 10880K, reserved 1114112K
  class space    used 1161K, committed 1280K, reserved 1048576K
}
Event: 4015.824 GC heap after
{Heap after GC invocations=120 (full 0):
 garbage-first heap   total 133120K, used 4464K [0x0000000780000000, 0x0000000800000000)
  region size 1024K, 1 young (1024K), 1 survivors (1024K)
 Metaspace       used 10682K, committed 10880K, reserved 1114112K
  class space    used 1161K, committed 1280K, reserved 1048576K
}
Event: 4049.056 GC heap before
{Heap before GC invocations=120 (full 0):
 garbage-first heap   total 133120K, used 81264K [0x0000000780000000, 0x0000000800000000)
  region size 1024K, 76 young (77824K), 1 survivors (1024K)
 Metaspace       used 10682K, committed 10880K, reserved 1114112K
  class space    used 1161K, committed 1280K, reserved 1048576K
}
Event: 4049.057 GC heap after
{Heap after GC invocations=121 (full 0):
 garbage-first heap   total 133120K, used 4466K [0x0000000780000000, 0x0000000800000000)
  region size 1024K, 1 young (1024K), 1 survivors (1024K)
 Metaspace       used 10682K, committed 10880K, reserved 1114112K
  class space    used 1161K, committed 1280K, reserved 1048576K
}
Event: 4082.465 GC heap before
{Heap before GC invocations=121 (full 0):
 garbage-first heap   total 133120K, used 81266K [0x0000000780000000, 0x0000000800000000)
  region size 1024K, 76 young (77824K), 1 survivors (1024K)
 Metaspace       used 10682K, committed 10880K, reserved 1114112K
  class space    used 1161K, committed 1280K, reserved 1048576K
}
Event: 4082.467 GC heap after
{Heap after GC invocations=122 (full 0):
 garbage-first heap   total 133120K, used 4465K [0x0000000780000000, 0x0000000800000000)
  region size 1024K, 1 young (1024K), 1 survivors (1024K)
 Metaspace       used 10682K, committed 10880K, reserved 1114112K
  class space    used 1161K, committed 1280K, reserved 1048576K
}

