# JRE version: OpenJDK Runtime Environment Zulu21.32+17-CA (21.0.2+13) (build 21.0.2+13-LTS)
# Java VM: OpenJDK 64-Bit Server VM Zulu21.32+17-CA (21.0.2+13-LTS, mixed mode, sharing, tiered, compressed oops, compressed class ptrs, g1 gc, bsd-aarch64)
Heap:
 garbage-first heap   total 133120K, used 15078K [0x0000000780000000, 0x0000000800000000)
  region size 1024K, 12 young (12288K), 1 survivors (1024K)
 Metaspace       used 10846K, committed 11072K, reserved 1114112K
  class space    used 1161K, committed 1280K, reserved 1048576K
GC Heap History (20 events):
Event: 11414.961 GC heap before
{Heap before GC invocations=72 (full 0):
 garbage-first heap   total 133120K, used 81062K [0x0000000780000000, 0x0000000800000000)
  region size 1024K, 76 young (77824K), 1 survivors (1024K)
 Metaspace       used 10846K, committed 11072K, reserved 1114112K
  class space    used 1161K, committed 1280K, reserved 1048576K
}
Event: 11414.963 GC heap after
{Heap after GC invocations=73 (full 0):
 garbage-first heap   total 133120K, used 4262K [0x0000000780000000, 0x0000000800000000)
  region size 1024K, 1 young (1024K), 1 survivors (1024K)
 Metaspace       used 10846K, committed 11072K, reserved 1114112K
  class space    used 1161K, committed 1280K, reserved 1048576K
}
Event: 11572.016 GC heap before
{Heap before GC invocations=73 (full 0):
 garbage-first heap   total 133120K, used 81062K [0x0000000780000000, 0x0000000800000000)
  region size 1024K, 76 young (77824K), 1 survivors (1024K)
 Metaspace       used 10846K, committed 11072K, reserved 1114112K
  class space    used 1161K, committed 1280K, reserved 1048576K
}
Event: 11572.018 GC heap after
{Heap after GC invocations=74 (full 0):
 garbage-first heap   total 133120K, used 4260K [0x0000000780000000, 0x0000000800000000)
  region size 1024K, 1 young (1024K), 1 survivors (1024K)
 Metaspace       used 10846K, committed 11072K, reserved 1114112K
  class space    used 1161K, committed 1280K, reserved 1048576K
}
Event: 11729.330 GC heap before
{Heap before GC invocations=74 (full 0):
 garbage-first heap   total 133120K, used 81060K [0x0000000780000000, 0x0000000800000000)
  region size 1024K, 76 young (77824K), 1 survivors (1024K)
 Metaspace       used 10846K, committed 11072K, reserved 1114112K
  class space    used 1161K, committed 1280K, reserved 1048576K
}
Event: 11729.332 GC heap after
{Heap after GC invocations=75 (full 0):
 garbage-first heap   total 133120K, used 4261K [0x0000000780000000, 0x0000000800000000)
  region size 1024K, 1 young (1024K), 1 survivors (1024K)
 Metaspace       used 10846K, committed 11072K, reserved 1114112K
  class space    used 1161K, committed 1280K, reserved 1048576K
}
Event: 11886.988 GC heap before
{Heap before GC invocations=75 (full 0):
 garbage-first heap   total 133120K, used 81061K [0x0000000780000000, 0x0000000800000000)
  region size 1024K, 76 young (77824K), 1 survivors (1024K)
 Metaspace       used 10846K, committed 11072K, reserved 1114112K
  class space    used 1161K, committed 1280K, reserved 1048576K
}
Event: 11886.992 GC heap after
{Heap after GC invocations=76 (full 0):
 garbage-first heap   total 133120K, used 4262K [0x0000000780000000, 0x0000000800000000)
  region size 1024K, 1 young (1024K), 1 survivors (1024K)
 Metaspace       used 10846K, committed 11072K, reserved 1114112K
  class space    used 1161K, committed 1280K, reserved 1048576K
}
Event: 12043.132 GC heap before
{Heap before GC invocations=76 (full 0):
 garbage-first heap   total 133120K, used 81062K [0x0000000780000000, 0x0000000800000000)
  region size 1024K, 76 young (77824K), 1 survivors (1024K)
 Metaspace       used 10846K, committed 11072K, reserved 1114112K
  class space    used 1161K, committed 1280K, reserved 1048576K
}
Event: 12043.135 GC heap after
{Heap after GC invocations=77 (full 0):
 garbage-first heap   total 133120K, used 4260K [0x0000000780000000, 0x0000000800000000)
  region size 1024K, 1 young (1024K), 1 survivors (1024K)
 Metaspace       used 10846K, committed 11072K, reserved 1114112K
  class space    used 1161K, committed 1280K, reserved 1048576K
}
Event: 12215.014 GC heap before
{Heap before GC invocations=77 (full 0):
 garbage-first heap   total 133120K, used 81060K [0x0000000780000000, 0x0000000800000000)
  region size 1024K, 76 young (77824K), 1 survivors (1024K)
 Metaspace       used 10846K, committed 11072K, reserved 1114112K
  class space    used 1161K, committed 1280K, reserved 1048576K
}
Event: 12215.016 GC heap after
{Heap after GC invocations=78 (full 0):
 garbage-first heap   total 133120K, used 4259K [0x0000000780000000, 0x0000000800000000)
  region size 1024K, 1 young (1024K), 1 survivors (1024K)
 Metaspace       used 10846K, committed 11072K, reserved 1114112K
  class space    used 1161K, committed 1280K, reserved 1048576K
}
Event: 12390.119 GC heap before
{Heap before GC invocations=78 (full 0):
 garbage-first heap   total 133120K, used 81059K [0x0000000780000000, 0x0000000800000000)
  region size 1024K, 76 young (77824K), 1 survivors (1024K)
 Metaspace       used 10846K, committed 11072K, reserved 1114112K
  class space    used 1161K, committed 1280K, reserved 1048576K
}
Event: 12390.120 GC heap after
{Heap after GC invocations=79 (full 0):
 garbage-first heap   total 133120K, used 4258K [0x0000000780000000, 0x0000000800000000)
  region size 1024K, 1 young (1024K), 1 survivors (1024K)
 Metaspace       used 10846K, committed 11072K, reserved 1114112K
  class space    used 1161K, committed 1280K, reserved 1048576K
}
Event: 12565.154 GC heap before
{Heap before GC invocations=79 (full 0):
 garbage-first heap   total 133120K, used 81058K [0x0000000780000000, 0x0000000800000000)
  region size 1024K, 76 young (77824K), 1 survivors (1024K)
 Metaspace       used 10846K, committed 11072K, reserved 1114112K
  class space    used 1161K, committed 1280K, reserved 1048576K
}
Event: 12565.155 GC heap after
{Heap after GC invocations=80 (full 0):
 garbage-first heap   total 133120K, used 4260K [0x0000000780000000, 0x0000000800000000)
  region size 1024K, 1 young (1024K), 1 survivors (1024K)
 Metaspace       used 10846K, committed 11072K, reserved 1114112K
  class space    used 1161K, committed 1280K, reserved 1048576K
}
Event: 12740.193 GC heap before
{Heap before GC invocations=80 (full 0):
 garbage-first heap   total 133120K, used 81060K [0x0000000780000000, 0x0000000800000000)
  region size 1024K, 76 young (77824K), 1 survivors (1024K)
 Metaspace       used 10846K, committed 11072K, reserved 1114112K
  class space    used 1161K, committed 1280K, reserved 1048576K
}
Event: 12740.195 GC heap after
{Heap after GC invocations=81 (full 0):
 garbage-first heap   total 133120K, used 4258K [0x0000000780000000, 0x0000000800000000)
  region size 1024K, 1 young (1024K), 1 survivors (1024K)
 Metaspace       used 10846K, committed 11072K, reserved 1114112K
  class space    used 1161K, committed 1280K, reserved 1048576K
}
Event: 12915.409 GC heap before
{Heap before GC invocations=81 (full 0):
 garbage-first heap   total 133120K, used 81058K [0x0000000780000000, 0x0000000800000000)
  region size 1024K, 76 young (77824K), 1 survivors (1024K)
 Metaspace       used 10846K, committed 11072K, reserved 1114112K
  class space    used 1161K, committed 1280K, reserved 1048576K
}
Event: 12915.412 GC heap after
{Heap after GC invocations=82 (full 0):
 garbage-first heap   total 133120K, used 4260K [0x0000000780000000, 0x0000000800000000)
  region size 1024K, 1 young (1024K), 1 survivors (1024K)
 Metaspace       used 10846K, committed 11072K, reserved 1114112K
  class space    used 1161K, committed 1280K, reserved 1048576K
}

